c:\users\舩越健太\source\repos\授業\arrowescape\arrowescape\x64\debug\vc143.pdb
c:\users\舩越健太\source\repos\授業\arrowescape\arrowescape\x64\debug\vc143.idb
c:\users\舩越健太\source\repos\授業\arrowescape\arrowescape\x64\debug\vector2.obj
c:\users\舩越健太\source\repos\授業\arrowescape\arrowescape\x64\debug\unityscale.obj
c:\users\舩越健太\source\repos\授業\arrowescape\arrowescape\x64\debug\transform.obj
c:\users\舩越健太\source\repos\授業\arrowescape\arrowescape\x64\debug\sprite.obj
c:\users\舩越健太\source\repos\授業\arrowescape\arrowescape\x64\debug\player.obj
c:\users\舩越健太\source\repos\授業\arrowescape\arrowescape\x64\debug\scenemanager.obj
c:\users\舩越健太\source\repos\授業\arrowescape\arrowescape\x64\debug\scene.obj
c:\users\舩越健太\source\repos\授業\arrowescape\arrowescape\x64\debug\mathf..obj
c:\users\舩越健太\source\repos\授業\arrowescape\arrowescape\x64\debug\main.obj
c:\users\舩越健太\source\repos\授業\arrowescape\arrowescape\x64\debug\gamewindow.obj
c:\users\舩越健太\source\repos\授業\arrowescape\arrowescape\x64\debug\gamescene.obj
c:\users\舩越健太\source\repos\授業\arrowescape\arrowescape\x64\debug\gameobjectadmin_gamescene.obj
c:\users\舩越健太\source\repos\授業\arrowescape\arrowescape\x64\debug\gameobjectadmin.obj
c:\users\舩越健太\source\repos\授業\arrowescape\arrowescape\x64\debug\gameobject.obj
c:\users\舩越健太\source\repos\授業\arrowescape\arrowescape\x64\debug\fps.obj
c:\users\舩越健太\source\repos\授業\arrowescape\arrowescape\x64\debug\background.obj
c:\users\舩越健太\source\repos\授業\arrowescape\arrowescape\x64\debug\arrowescape.tlog\cl.command.1.tlog
c:\users\舩越健太\source\repos\授業\arrowescape\arrowescape\x64\debug\arrowescape.tlog\cl.read.1.tlog
c:\users\舩越健太\source\repos\授業\arrowescape\arrowescape\x64\debug\arrowescape.tlog\cl.write.1.tlog
